Browserslist: browsers data (caniuse-lite) is 16 months old. Please run:
  npx update-browserslist-db@latest
  Why you should do it regularly: https://github.com/browserslist/update-db#readme
[CSV IMPORT] Missing file: C:\Users\deanm\OneDrive\Documents\Veriscope AI\veriscope\attached_assets\extracted_data\refinery_units.csv. Skipping.
[CSV IMPORT] Missing file: C:\Users\deanm\OneDrive\Documents\Veriscope AI\veriscope\attached_assets\extracted_data\refinery_utilization.csv. Skipping.
[CSV IMPORT] Missing file: C:\Users\deanm\OneDrive\Documents\Veriscope AI\veriscope\attached_assets\extracted_data\refinery_crack_spreads.csv. Skipping.
[CSV IMPORT] Missing file: C:\Users\deanm\OneDrive\Documents\Veriscope AI\veriscope\attached_assets\extracted_data\sd_models_daily.csv. Skipping.
[CSV IMPORT] Missing file: C:\Users\deanm\OneDrive\Documents\Veriscope AI\veriscope\attached_assets\extracted_data\sd_forecasts_weekly.csv. Skipping.
[CSV IMPORT] Missing file: C:\Users\deanm\OneDrive\Documents\Veriscope AI\veriscope\attached_assets\extracted_data\research_insights_daily.csv. Skipping.
{"timestamp":"2026-02-05T21:52:22.098Z","level":"warn","requestId":"a9125900-cdee-4bd8-a644-48e11a877455","route":"/api/vessels","method":"GET","statusCode":401,"latencyMs":2,"message":"GET /api/vessels 401 2ms"}
{"timestamp":"2026-02-05T21:52:22.101Z","level":"warn","requestId":"57e6bbc1-8221-46ff-af4a-af7337dd6207","route":"/api/predictions/delay-adjusted","method":"GET","statusCode":401,"latencyMs":1,"message":"GET /api/predictions/delay-adjusted 401 1ms"}
{"timestamp":"2026-02-05T21:52:22.103Z","level":"warn","requestId":"50e662c2-ee8c-4d8d-9e5a-89885eedc2e3","route":"/api/ports/fujairah/stats","method":"GET","statusCode":401,"latencyMs":2,"message":"GET /api/ports/fujairah/stats 401 2ms"}
{"timestamp":"2026-02-05T21:52:22.105Z","level":"warn","requestId":"54e9afe6-2b41-4a7e-8265-e250c5a2acd9","route":"/api/signals","method":"GET","statusCode":401,"latencyMs":2,"message":"GET /api/signals 401 2ms"}
{"timestamp":"2026-02-05T21:52:22.106Z","level":"warn","requestId":"e373942f-e2b2-4815-bc8c-23434ef88c55","route":"/api/predictions","method":"GET","statusCode":401,"latencyMs":1,"message":"GET /api/predictions 401 1ms"}
{"timestamp":"2026-02-05T21:52:50.366Z","level":"warn","requestId":"ee3da2bb-865a-4d30-92dd-b887c0fb1ad9","route":"/api/trade-flows","method":"GET","statusCode":401,"latencyMs":4,"message":"GET /api/trade-flows 401 4ms"}
{"timestamp":"2026-02-05T21:52:50.369Z","level":"warn","requestId":"b17bde45-7a81-4225-bd35-6b35db0b5c3a","route":"/api/flow-forecasts","method":"GET","statusCode":401,"latencyMs":2,"message":"GET /api/flow-forecasts 401 2ms"}
{"timestamp":"2026-02-05T22:02:30.425Z","level":"warn","requestId":"1f4536ac-4a7a-4ea3-b24f-f92b1afab138","route":"/api/vessels","method":"GET","statusCode":401,"latencyMs":3,"message":"GET /api/vessels 401 3ms"}
{"timestamp":"2026-02-05T22:02:30.428Z","level":"warn","requestId":"58030962-0b4f-4800-b75b-30fc20127846","route":"/api/predictions/delay-adjusted","method":"GET","statusCode":401,"latencyMs":1,"message":"GET /api/predictions/delay-adjusted 401 1ms"}
{"timestamp":"2026-02-05T22:02:30.429Z","level":"warn","requestId":"2be39ccc-62c8-4051-91d5-b95afe818dd6","route":"/api/ports/fujairah/stats","method":"GET","statusCode":401,"latencyMs":1,"message":"GET /api/ports/fujairah/stats 401 1ms"}
{"timestamp":"2026-02-05T22:02:30.431Z","level":"warn","requestId":"2b55cfce-92a0-4f3d-a551-4219d84efe30","route":"/api/signals","method":"GET","statusCode":401,"latencyMs":1,"message":"GET /api/signals 401 1ms"}
{"timestamp":"2026-02-05T22:02:30.432Z","level":"warn","requestId":"5d3d8002-f15f-4ccf-997b-9ed9f6b0e73c","route":"/api/predictions","method":"GET","statusCode":401,"latencyMs":1,"message":"GET /api/predictions 401 1ms"}
{"timestamp":"2026-02-05T22:05:06.267Z","level":"warn","requestId":"714cb175-4fc9-4adf-91a1-c445d407f201","route":"/health/alerts","method":"GET","statusCode":401,"latencyMs":1,"message":"GET /health/alerts 401 1ms"}
{"timestamp":"2026-02-05T22:05:27.000Z","level":"warn","requestId":"39fb1fff-48eb-40ca-88fd-11776f2a9714","route":"/v1/alert-deliveries","method":"GET","statusCode":401,"latencyMs":1,"message":"GET /v1/alert-deliveries 401 1ms"}
