Browserslist: browsers data (caniuse-lite) is 16 months old. Please run:
  npx update-browserslist-db@latest
  Why you should do it regularly: https://github.com/browserslist/update-db#readme
[CSV IMPORT] Missing file: C:\Users\deanm\OneDrive\Documents\Veriscope AI\veriscope\attached_assets\extracted_data\refinery_units.csv. Skipping.
[CSV IMPORT] Missing file: C:\Users\deanm\OneDrive\Documents\Veriscope AI\veriscope\attached_assets\extracted_data\refinery_utilization.csv. Skipping.
[CSV IMPORT] Missing file: C:\Users\deanm\OneDrive\Documents\Veriscope AI\veriscope\attached_assets\extracted_data\refinery_crack_spreads.csv. Skipping.
[CSV IMPORT] Missing file: C:\Users\deanm\OneDrive\Documents\Veriscope AI\veriscope\attached_assets\extracted_data\sd_models_daily.csv. Skipping.
[CSV IMPORT] Missing file: C:\Users\deanm\OneDrive\Documents\Veriscope AI\veriscope\attached_assets\extracted_data\sd_forecasts_weekly.csv. Skipping.
[CSV IMPORT] Missing file: C:\Users\deanm\OneDrive\Documents\Veriscope AI\veriscope\attached_assets\extracted_data\research_insights_daily.csv. Skipping.
Signals monitoring error: NeonDbError: Error connecting to database: fetch failed
    at execute (file:///C:/Users/deanm/OneDrive/Documents/Veriscope%20AI/veriscope/node_modules/@neondatabase/serverless/index.mjs:1549:24)
    at async NeonHttpPreparedQuery.execute (C:\Users\deanm\OneDrive\Documents\Veriscope AI\veriscope\node_modules\src\neon-http\session.ts:68:18)
    at async DrizzleStorage.getLatestStorageFillData (C:\Users\deanm\OneDrive\Documents\Veriscope AI\veriscope\server\storage.ts:597:20)
    at async SignalsService.checkStorageAnomalies (C:\Users\deanm\OneDrive\Documents\Veriscope AI\veriscope\server\services\signalsService.ts:105:24)
    at async SignalsService.analyzeForSignals (C:\Users\deanm\OneDrive\Documents\Veriscope AI\veriscope\server\services\signalsService.ts:38:7)
    at async Timeout._onTimeout (C:\Users\deanm\OneDrive\Documents\Veriscope AI\veriscope\server\services\signalsService.ts:15:9) {
  severity: undefined,
  code: undefined,
  detail: undefined,
  hint: undefined,
  position: undefined,
  internalPosition: undefined,
  internalQuery: undefined,
  where: undefined,
  schema: undefined,
  table: undefined,
  column: undefined,
  dataType: undefined,
  constraint: undefined,
  file: undefined,
  line: undefined,
  routine: undefined,
  sourceError: TypeError: fetch failed
      at node:internal/deps/undici/undici:16416:13
      at async execute (file:///C:/Users/deanm/OneDrive/Documents/Veriscope%20AI/veriscope/node_modules/@neondatabase/serverless/index.mjs:1548:15)
      at async NeonHttpPreparedQuery.execute (C:\Users\deanm\OneDrive\Documents\Veriscope AI\veriscope\node_modules\src\neon-http\session.ts:68:18)
      at async DrizzleStorage.getLatestStorageFillData (C:\Users\deanm\OneDrive\Documents\Veriscope AI\veriscope\server\storage.ts:597:20)
      at async SignalsService.checkStorageAnomalies (C:\Users\deanm\OneDrive\Documents\Veriscope AI\veriscope\server\services\signalsService.ts:105:24)
      at async SignalsService.analyzeForSignals (C:\Users\deanm\OneDrive\Documents\Veriscope AI\veriscope\server\services\signalsService.ts:38:7)
      at async Timeout._onTimeout (C:\Users\deanm\OneDrive\Documents\Veriscope AI\veriscope\server\services\signalsService.ts:15:9) {
    [cause]: Error: read ECONNRESET
        at TLSWrap.onStreamRead (node:internal/stream_base_commons:216:20) {
      errno: -4077,
      code: 'ECONNRESET',
      syscall: 'read'
    }
  }
}
{"timestamp":"2026-02-20T19:15:03.205Z","level":"error","message":"Port call detection error","metadata":{"error":"Error connecting to database: fetch failed"}}
{"timestamp":"2026-02-20T19:15:03.216Z","level":"error","message":"AIS simulation error","metadata":{"error":"Error connecting to database: fetch failed"}}
{"timestamp":"2026-02-20T19:15:03.217Z","level":"error","message":"AIS simulation error","metadata":{"error":"Error connecting to database: fetch failed"}}
Alert rules evaluation error: NeonDbError: Error connecting to database: fetch failed
    at execute (file:///C:/Users/deanm/OneDrive/Documents/Veriscope%20AI/veriscope/node_modules/@neondatabase/serverless/index.mjs:1549:24)
    at async NeonHttpPreparedQuery.execute (C:\Users\deanm\OneDrive\Documents\Veriscope AI\veriscope\node_modules\src\neon-http\session.ts:68:18)
    at async DrizzleStorage.getActiveAlertRules (C:\Users\deanm\OneDrive\Documents\Veriscope AI\veriscope\server\storage.ts:1645:12)
    at async SignalsService.evaluateAlertRules (C:\Users\deanm\OneDrive\Documents\Veriscope AI\veriscope\server\services\signalsService.ts:156:27)
    at async Timeout._onTimeout (C:\Users\deanm\OneDrive\Documents\Veriscope AI\veriscope\server\services\signalsService.ts:16:9) {
  severity: undefined,
  code: undefined,
  detail: undefined,
  hint: undefined,
  position: undefined,
  internalPosition: undefined,
  internalQuery: undefined,
  where: undefined,
  schema: undefined,
  table: undefined,
  column: undefined,
  dataType: undefined,
  constraint: undefined,
  file: undefined,
  line: undefined,
  routine: undefined,
  sourceError: TypeError: fetch failed
      at node:internal/deps/undici/undici:16416:13
      at async execute (file:///C:/Users/deanm/OneDrive/Documents/Veriscope%20AI/veriscope/node_modules/@neondatabase/serverless/index.mjs:1548:15)
      at async NeonHttpPreparedQuery.execute (C:\Users\deanm\OneDrive\Documents\Veriscope AI\veriscope\node_modules\src\neon-http\session.ts:68:18)
      at async DrizzleStorage.getActiveAlertRules (C:\Users\deanm\OneDrive\Documents\Veriscope AI\veriscope\server\storage.ts:1645:12)
      at async SignalsService.evaluateAlertRules (C:\Users\deanm\OneDrive\Documents\Veriscope AI\veriscope\server\services\signalsService.ts:156:27)
      at async Timeout._onTimeout (C:\Users\deanm\OneDrive\Documents\Veriscope AI\veriscope\server\services\signalsService.ts:16:9) {
    [cause]: Error: read ECONNRESET
        at TLSWrap.onStreamRead (node:internal/stream_base_commons:216:20) {
      errno: -4077,
      code: 'ECONNRESET',
      syscall: 'read'
    }
  }
}
{"timestamp":"2026-02-20T19:15:03.349Z","level":"error","message":"AIS simulation error","metadata":{"error":"Error connecting to database: fetch failed"}}
{"timestamp":"2026-02-20T19:15:03.351Z","level":"error","message":"Port call detection error","metadata":{"error":"Error connecting to database: fetch failed"}}
Signals monitoring error: NeonDbError: Error connecting to database: fetch failed
    at execute (file:///C:/Users/deanm/OneDrive/Documents/Veriscope%20AI/veriscope/node_modules/@neondatabase/serverless/index.mjs:1549:24)
    at process.processTicksAndRejections (node:internal/process/task_queues:103:5)
    at async NeonHttpPreparedQuery.execute (C:\Users\deanm\OneDrive\Documents\Veriscope AI\veriscope\node_modules\src\neon-http\session.ts:68:18)
    at async DrizzleStorage.getPorts (C:\Users\deanm\OneDrive\Documents\Veriscope AI\veriscope\server\storage.ts:373:12)
    at async SignalsService.analyzeForSignals (C:\Users\deanm\OneDrive\Documents\Veriscope AI\veriscope\server\services\signalsService.ts:34:19)
    at async Timeout._onTimeout (C:\Users\deanm\OneDrive\Documents\Veriscope AI\veriscope\server\services\signalsService.ts:15:9) {
  severity: undefined,
  code: undefined,
  detail: undefined,
  hint: undefined,
  position: undefined,
  internalPosition: undefined,
  internalQuery: undefined,
  where: undefined,
  schema: undefined,
  table: undefined,
  column: undefined,
  dataType: undefined,
  constraint: undefined,
  file: undefined,
  line: undefined,
  routine: undefined,
  sourceError: TypeError: fetch failed
      at node:internal/deps/undici/undici:16416:13
      at process.processTicksAndRejections (node:internal/process/task_queues:103:5)
      at async execute (file:///C:/Users/deanm/OneDrive/Documents/Veriscope%20AI/veriscope/node_modules/@neondatabase/serverless/index.mjs:1548:15)
      at async NeonHttpPreparedQuery.execute (C:\Users\deanm\OneDrive\Documents\Veriscope AI\veriscope\node_modules\src\neon-http\session.ts:68:18)
      at async DrizzleStorage.getPorts (C:\Users\deanm\OneDrive\Documents\Veriscope AI\veriscope\server\storage.ts:373:12)
      at async SignalsService.analyzeForSignals (C:\Users\deanm\OneDrive\Documents\Veriscope AI\veriscope\server\services\signalsService.ts:34:19)
      at async Timeout._onTimeout (C:\Users\deanm\OneDrive\Documents\Veriscope AI\veriscope\server\services\signalsService.ts:15:9) {
    [cause]: Error: getaddrinfo ENOTFOUND api.c-2.eu-central-1.aws.neon.tech
        at GetAddrInfoReqWrap.onlookupall [as oncomplete] (node:dns:122:26) {
      errno: -3008,
      code: 'ENOTFOUND',
      syscall: 'getaddrinfo',
      hostname: 'api.c-2.eu-central-1.aws.neon.tech'
    }
  }
}
Error calculating port delays: NeonDbError: Error connecting to database: fetch failed
    at execute (file:///C:/Users/deanm/OneDrive/Documents/Veriscope%20AI/veriscope/node_modules/@neondatabase/serverless/index.mjs:1549:24)
    at process.processTicksAndRejections (node:internal/process/task_queues:103:5)
    at async NeonHttpPreparedQuery.execute (C:\Users\deanm\OneDrive\Documents\Veriscope AI\veriscope\node_modules\src\neon-http\session.ts:68:18)
    at async DrizzleStorage.getPorts (C:\Users\deanm\OneDrive\Documents\Veriscope AI\veriscope\server\storage.ts:373:12)
    at async DelayService.calculatePortDelays (C:\Users\deanm\OneDrive\Documents\Veriscope AI\veriscope\server\services\delayService.ts:39:21)
    at async Timeout._onTimeout (C:\Users\deanm\OneDrive\Documents\Veriscope AI\veriscope\server\services\delayService.ts:19:9) {
  severity: undefined,
  code: undefined,
  detail: undefined,
  hint: undefined,
  position: undefined,
  internalPosition: undefined,
  internalQuery: undefined,
  where: undefined,
  schema: undefined,
  table: undefined,
  column: undefined,
  dataType: undefined,
  constraint: undefined,
  file: undefined,
  line: undefined,
  routine: undefined,
  sourceError: TypeError: fetch failed
      at node:internal/deps/undici/undici:16416:13
      at process.processTicksAndRejections (node:internal/process/task_queues:103:5)
      at async execute (file:///C:/Users/deanm/OneDrive/Documents/Veriscope%20AI/veriscope/node_modules/@neondatabase/serverless/index.mjs:1548:15)
      at async NeonHttpPreparedQuery.execute (C:\Users\deanm\OneDrive\Documents\Veriscope AI\veriscope\node_modules\src\neon-http\session.ts:68:18)
      at async DrizzleStorage.getPorts (C:\Users\deanm\OneDrive\Documents\Veriscope AI\veriscope\server\storage.ts:373:12)
      at async DelayService.calculatePortDelays (C:\Users\deanm\OneDrive\Documents\Veriscope AI\veriscope\server\services\delayService.ts:39:21)
      at async Timeout._onTimeout (C:\Users\deanm\OneDrive\Documents\Veriscope AI\veriscope\server\services\delayService.ts:19:9) {
    [cause]: Error: getaddrinfo ENOTFOUND api.c-2.eu-central-1.aws.neon.tech
        at GetAddrInfoReqWrap.onlookupall [as oncomplete] (node:dns:122:26) {
      errno: -3008,
      code: 'ENOTFOUND',
      syscall: 'getaddrinfo',
      hostname: 'api.c-2.eu-central-1.aws.neon.tech'
    }
  }
}
{"timestamp":"2026-02-20T23:15:03.162Z","level":"error","message":"AIS simulation error","metadata":{"error":"Error connecting to database: fetch failed"}}
{"timestamp":"2026-02-20T23:15:03.166Z","level":"error","message":"Port call detection error","metadata":{"error":"Error connecting to database: fetch failed"}}
Signals monitoring error: NeonDbError: Error connecting to database: fetch failed
    at execute (file:///C:/Users/deanm/OneDrive/Documents/Veriscope%20AI/veriscope/node_modules/@neondatabase/serverless/index.mjs:1549:24)
    at process.processTicksAndRejections (node:internal/process/task_queues:103:5)
    at async NeonHttpPreparedQuery.execute (C:\Users\deanm\OneDrive\Documents\Veriscope AI\veriscope\node_modules\src\neon-http\session.ts:68:18)
    at async DrizzleStorage.getPorts (C:\Users\deanm\OneDrive\Documents\Veriscope AI\veriscope\server\storage.ts:373:12)
    at async SignalsService.analyzeForSignals (C:\Users\deanm\OneDrive\Documents\Veriscope AI\veriscope\server\services\signalsService.ts:34:19)
    at async Timeout._onTimeout (C:\Users\deanm\OneDrive\Documents\Veriscope AI\veriscope\server\services\signalsService.ts:15:9) {
  severity: undefined,
  code: undefined,
  detail: undefined,
  hint: undefined,
  position: undefined,
  internalPosition: undefined,
  internalQuery: undefined,
  where: undefined,
  schema: undefined,
  table: undefined,
  column: undefined,
  dataType: undefined,
  constraint: undefined,
  file: undefined,
  line: undefined,
  routine: undefined,
  sourceError: TypeError: fetch failed
      at node:internal/deps/undici/undici:16416:13
      at process.processTicksAndRejections (node:internal/process/task_queues:103:5)
      at async execute (file:///C:/Users/deanm/OneDrive/Documents/Veriscope%20AI/veriscope/node_modules/@neondatabase/serverless/index.mjs:1548:15)
      at async NeonHttpPreparedQuery.execute (C:\Users\deanm\OneDrive\Documents\Veriscope AI\veriscope\node_modules\src\neon-http\session.ts:68:18)
      at async DrizzleStorage.getPorts (C:\Users\deanm\OneDrive\Documents\Veriscope AI\veriscope\server\storage.ts:373:12)
      at async SignalsService.analyzeForSignals (C:\Users\deanm\OneDrive\Documents\Veriscope AI\veriscope\server\services\signalsService.ts:34:19)
      at async Timeout._onTimeout (C:\Users\deanm\OneDrive\Documents\Veriscope AI\veriscope\server\services\signalsService.ts:15:9) {
    [cause]: Error: getaddrinfo ENOTFOUND api.c-2.eu-central-1.aws.neon.tech
        at GetAddrInfoReqWrap.onlookupall [as oncomplete] (node:dns:122:26) {
      errno: -3008,
      code: 'ENOTFOUND',
      syscall: 'getaddrinfo',
      hostname: 'api.c-2.eu-central-1.aws.neon.tech'
    }
  }
}
Error calculating port delays: NeonDbError: Error connecting to database: fetch failed
    at execute (file:///C:/Users/deanm/OneDrive/Documents/Veriscope%20AI/veriscope/node_modules/@neondatabase/serverless/index.mjs:1549:24)
    at process.processTicksAndRejections (node:internal/process/task_queues:103:5)
    at async NeonHttpPreparedQuery.execute (C:\Users\deanm\OneDrive\Documents\Veriscope AI\veriscope\node_modules\src\neon-http\session.ts:68:18)
    at async DrizzleStorage.getPorts (C:\Users\deanm\OneDrive\Documents\Veriscope AI\veriscope\server\storage.ts:373:12)
    at async DelayService.calculatePortDelays (C:\Users\deanm\OneDrive\Documents\Veriscope AI\veriscope\server\services\delayService.ts:39:21)
    at async Timeout._onTimeout (C:\Users\deanm\OneDrive\Documents\Veriscope AI\veriscope\server\services\delayService.ts:19:9) {
  severity: undefined,
  code: undefined,
  detail: undefined,
  hint: undefined,
  position: undefined,
  internalPosition: undefined,
  internalQuery: undefined,
  where: undefined,
  schema: undefined,
  table: undefined,
  column: undefined,
  dataType: undefined,
  constraint: undefined,
  file: undefined,
  line: undefined,
  routine: undefined,
  sourceError: TypeError: fetch failed
      at node:internal/deps/undici/undici:16416:13
      at process.processTicksAndRejections (node:internal/process/task_queues:103:5)
      at async execute (file:///C:/Users/deanm/OneDrive/Documents/Veriscope%20AI/veriscope/node_modules/@neondatabase/serverless/index.mjs:1548:15)
      at async NeonHttpPreparedQuery.execute (C:\Users\deanm\OneDrive\Documents\Veriscope AI\veriscope\node_modules\src\neon-http\session.ts:68:18)
      at async DrizzleStorage.getPorts (C:\Users\deanm\OneDrive\Documents\Veriscope AI\veriscope\server\storage.ts:373:12)
      at async DelayService.calculatePortDelays (C:\Users\deanm\OneDrive\Documents\Veriscope AI\veriscope\server\services\delayService.ts:39:21)
      at async Timeout._onTimeout (C:\Users\deanm\OneDrive\Documents\Veriscope AI\veriscope\server\services\delayService.ts:19:9) {
    [cause]: Error: getaddrinfo ENOTFOUND api.c-2.eu-central-1.aws.neon.tech
        at GetAddrInfoReqWrap.onlookupall [as oncomplete] (node:dns:122:26) {
      errno: -3008,
      code: 'ENOTFOUND',
      syscall: 'getaddrinfo',
      hostname: 'api.c-2.eu-central-1.aws.neon.tech'
    }
  }
}
Prediction service error: NeonDbError: Error connecting to database: fetch failed
    at execute (file:///C:/Users/deanm/OneDrive/Documents/Veriscope%20AI/veriscope/node_modules/@neondatabase/serverless/index.mjs:1549:24)
    at process.processTicksAndRejections (node:internal/process/task_queues:103:5)
    at async NeonHttpPreparedQuery.execute (C:\Users\deanm\OneDrive\Documents\Veriscope AI\veriscope\node_modules\src\neon-http\session.ts:68:18)
    at async DrizzleStorage.getCommodities (C:\Users\deanm\OneDrive\Documents\Veriscope AI\veriscope\server\storage.ts:343:12)
    at async PredictionService.generatePredictions (C:\Users\deanm\OneDrive\Documents\Veriscope AI\veriscope\server\services\predictionService.ts:38:25)
    at async Timeout._onTimeout (C:\Users\deanm\OneDrive\Documents\Veriscope AI\veriscope\server\services\predictionService.ts:16:9) {
  severity: undefined,
  code: undefined,
  detail: undefined,
  hint: undefined,
  position: undefined,
  internalPosition: undefined,
  internalQuery: undefined,
  where: undefined,
  schema: undefined,
  table: undefined,
  column: undefined,
  dataType: undefined,
  constraint: undefined,
  file: undefined,
  line: undefined,
  routine: undefined,
  sourceError: TypeError: fetch failed
      at node:internal/deps/undici/undici:16416:13
      at process.processTicksAndRejections (node:internal/process/task_queues:103:5)
      at async execute (file:///C:/Users/deanm/OneDrive/Documents/Veriscope%20AI/veriscope/node_modules/@neondatabase/serverless/index.mjs:1548:15)
      at async NeonHttpPreparedQuery.execute (C:\Users\deanm\OneDrive\Documents\Veriscope AI\veriscope\node_modules\src\neon-http\session.ts:68:18)
      at async DrizzleStorage.getCommodities (C:\Users\deanm\OneDrive\Documents\Veriscope AI\veriscope\server\storage.ts:343:12)
      at async PredictionService.generatePredictions (C:\Users\deanm\OneDrive\Documents\Veriscope AI\veriscope\server\services\predictionService.ts:38:25)
      at async Timeout._onTimeout (C:\Users\deanm\OneDrive\Documents\Veriscope AI\veriscope\server\services\predictionService.ts:16:9) {
    [cause]: Error: getaddrinfo ENOTFOUND api.c-2.eu-central-1.aws.neon.tech
        at GetAddrInfoReqWrap.onlookupall [as oncomplete] (node:dns:122:26) {
      errno: -3008,
      code: 'ENOTFOUND',
      syscall: 'getaddrinfo',
      hostname: 'api.c-2.eu-central-1.aws.neon.tech'
    }
  }
}
{"timestamp":"2026-02-21T07:00:39.524Z","level":"error","message":"AIS simulation error","metadata":{"error":"Error connecting to database: fetch failed"}}
{"timestamp":"2026-02-21T07:00:40.104Z","level":"error","message":"Port call detection error","metadata":{"error":"Error connecting to database: fetch failed"}}
Signals monitoring error: NeonDbError: Error connecting to database: fetch failed
    at execute (file:///C:/Users/deanm/OneDrive/Documents/Veriscope%20AI/veriscope/node_modules/@neondatabase/serverless/index.mjs:1549:24)
    at process.processTicksAndRejections (node:internal/process/task_queues:103:5)
    at async NeonHttpPreparedQuery.execute (C:\Users\deanm\OneDrive\Documents\Veriscope AI\veriscope\node_modules\src\neon-http\session.ts:68:18)
    at async DrizzleStorage.getPorts (C:\Users\deanm\OneDrive\Documents\Veriscope AI\veriscope\server\storage.ts:373:12)
    at async SignalsService.analyzeForSignals (C:\Users\deanm\OneDrive\Documents\Veriscope AI\veriscope\server\services\signalsService.ts:34:19)
    at async Timeout._onTimeout (C:\Users\deanm\OneDrive\Documents\Veriscope AI\veriscope\server\services\signalsService.ts:15:9) {
  severity: undefined,
  code: undefined,
  detail: undefined,
  hint: undefined,
  position: undefined,
  internalPosition: undefined,
  internalQuery: undefined,
  where: undefined,
  schema: undefined,
  table: undefined,
  column: undefined,
  dataType: undefined,
  constraint: undefined,
  file: undefined,
  line: undefined,
  routine: undefined,
  sourceError: TypeError: fetch failed
      at node:internal/deps/undici/undici:16416:13
      at process.processTicksAndRejections (node:internal/process/task_queues:103:5)
      at async execute (file:///C:/Users/deanm/OneDrive/Documents/Veriscope%20AI/veriscope/node_modules/@neondatabase/serverless/index.mjs:1548:15)
      at async NeonHttpPreparedQuery.execute (C:\Users\deanm\OneDrive\Documents\Veriscope AI\veriscope\node_modules\src\neon-http\session.ts:68:18)
      at async DrizzleStorage.getPorts (C:\Users\deanm\OneDrive\Documents\Veriscope AI\veriscope\server\storage.ts:373:12)
      at async SignalsService.analyzeForSignals (C:\Users\deanm\OneDrive\Documents\Veriscope AI\veriscope\server\services\signalsService.ts:34:19)
      at async Timeout._onTimeout (C:\Users\deanm\OneDrive\Documents\Veriscope AI\veriscope\server\services\signalsService.ts:15:9) {
    [cause]: Error: getaddrinfo ENOTFOUND api.c-2.eu-central-1.aws.neon.tech
        at GetAddrInfoReqWrap.onlookupall [as oncomplete] (node:dns:122:26) {
      errno: -3008,
      code: 'ENOTFOUND',
      syscall: 'getaddrinfo',
      hostname: 'api.c-2.eu-central-1.aws.neon.tech'
    }
  }
}
Error calculating port delays: NeonDbError: Error connecting to database: fetch failed
    at execute (file:///C:/Users/deanm/OneDrive/Documents/Veriscope%20AI/veriscope/node_modules/@neondatabase/serverless/index.mjs:1549:24)
    at process.processTicksAndRejections (node:internal/process/task_queues:103:5)
    at async NeonHttpPreparedQuery.execute (C:\Users\deanm\OneDrive\Documents\Veriscope AI\veriscope\node_modules\src\neon-http\session.ts:68:18)
    at async DrizzleStorage.getPorts (C:\Users\deanm\OneDrive\Documents\Veriscope AI\veriscope\server\storage.ts:373:12)
    at async DelayService.calculatePortDelays (C:\Users\deanm\OneDrive\Documents\Veriscope AI\veriscope\server\services\delayService.ts:39:21)
    at async Timeout._onTimeout (C:\Users\deanm\OneDrive\Documents\Veriscope AI\veriscope\server\services\delayService.ts:19:9) {
  severity: undefined,
  code: undefined,
  detail: undefined,
  hint: undefined,
  position: undefined,
  internalPosition: undefined,
  internalQuery: undefined,
  where: undefined,
  schema: undefined,
  table: undefined,
  column: undefined,
  dataType: undefined,
  constraint: undefined,
  file: undefined,
  line: undefined,
  routine: undefined,
  sourceError: TypeError: fetch failed
      at node:internal/deps/undici/undici:16416:13
      at process.processTicksAndRejections (node:internal/process/task_queues:103:5)
      at async execute (file:///C:/Users/deanm/OneDrive/Documents/Veriscope%20AI/veriscope/node_modules/@neondatabase/serverless/index.mjs:1548:15)
      at async NeonHttpPreparedQuery.execute (C:\Users\deanm\OneDrive\Documents\Veriscope AI\veriscope\node_modules\src\neon-http\session.ts:68:18)
      at async DrizzleStorage.getPorts (C:\Users\deanm\OneDrive\Documents\Veriscope AI\veriscope\server\storage.ts:373:12)
      at async DelayService.calculatePortDelays (C:\Users\deanm\OneDrive\Documents\Veriscope AI\veriscope\server\services\delayService.ts:39:21)
      at async Timeout._onTimeout (C:\Users\deanm\OneDrive\Documents\Veriscope AI\veriscope\server\services\delayService.ts:19:9) {
    [cause]: Error: getaddrinfo ENOTFOUND api.c-2.eu-central-1.aws.neon.tech
        at GetAddrInfoReqWrap.onlookupall [as oncomplete] (node:dns:122:26) {
      errno: -3008,
      code: 'ENOTFOUND',
      syscall: 'getaddrinfo',
      hostname: 'api.c-2.eu-central-1.aws.neon.tech'
    }
  }
}
Prediction service error: NeonDbError: Error connecting to database: fetch failed
    at execute (file:///C:/Users/deanm/OneDrive/Documents/Veriscope%20AI/veriscope/node_modules/@neondatabase/serverless/index.mjs:1549:24)
    at process.processTicksAndRejections (node:internal/process/task_queues:103:5)
    at async NeonHttpPreparedQuery.execute (C:\Users\deanm\OneDrive\Documents\Veriscope AI\veriscope\node_modules\src\neon-http\session.ts:68:18)
    at async DrizzleStorage.getCommodities (C:\Users\deanm\OneDrive\Documents\Veriscope AI\veriscope\server\storage.ts:343:12)
    at async PredictionService.generatePredictions (C:\Users\deanm\OneDrive\Documents\Veriscope AI\veriscope\server\services\predictionService.ts:38:25)
    at async Timeout._onTimeout (C:\Users\deanm\OneDrive\Documents\Veriscope AI\veriscope\server\services\predictionService.ts:16:9) {
  severity: undefined,
  code: undefined,
  detail: undefined,
  hint: undefined,
  position: undefined,
  internalPosition: undefined,
  internalQuery: undefined,
  where: undefined,
  schema: undefined,
  table: undefined,
  column: undefined,
  dataType: undefined,
  constraint: undefined,
  file: undefined,
  line: undefined,
  routine: undefined,
  sourceError: TypeError: fetch failed
      at node:internal/deps/undici/undici:16416:13
      at process.processTicksAndRejections (node:internal/process/task_queues:103:5)
      at async execute (file:///C:/Users/deanm/OneDrive/Documents/Veriscope%20AI/veriscope/node_modules/@neondatabase/serverless/index.mjs:1548:15)
      at async NeonHttpPreparedQuery.execute (C:\Users\deanm\OneDrive\Documents\Veriscope AI\veriscope\node_modules\src\neon-http\session.ts:68:18)
      at async DrizzleStorage.getCommodities (C:\Users\deanm\OneDrive\Documents\Veriscope AI\veriscope\server\storage.ts:343:12)
      at async PredictionService.generatePredictions (C:\Users\deanm\OneDrive\Documents\Veriscope AI\veriscope\server\services\predictionService.ts:38:25)
      at async Timeout._onTimeout (C:\Users\deanm\OneDrive\Documents\Veriscope AI\veriscope\server\services\predictionService.ts:16:9) {
    [cause]: Error: getaddrinfo ENOTFOUND api.c-2.eu-central-1.aws.neon.tech
        at GetAddrInfoReqWrap.onlookupall [as oncomplete] (node:dns:122:26) {
      errno: -3008,
      code: 'ENOTFOUND',
      syscall: 'getaddrinfo',
      hostname: 'api.c-2.eu-central-1.aws.neon.tech'
    }
  }
}
{"timestamp":"2026-02-21T07:01:09.525Z","level":"error","message":"AIS simulation error","metadata":{"error":"Error connecting to database: fetch failed"}}
